  main.cpp
  ofApp.cpp
  particle.cpp
c:\users\katon\desktop\projekt\of_v0.10.0_vs2017_release\of_v0.10.0_vs2017_release\addons\ofxcv\libs\ofxcv\include\ofxcv\tracker.h(326): warning C4018: '<': signed/unsigned mismatch (compiling source file src\ofApp.cpp)
c:\users\katon\desktop\projekt\of_v0.10.0_vs2017_release\of_v0.10.0_vs2017_release\addons\ofxcv\libs\ofxcv\include\ofxcv\tracker.h(326): warning C4018: '<': signed/unsigned mismatch (compiling source file src\particle.cpp)
c:\users\katon\desktop\projekt\of_v0.10.0_vs2017_release\of_v0.10.0_vs2017_release\addons\ofxcv\libs\ofxcv\include\ofxcv\tracker.h(326): warning C4018: '<': signed/unsigned mismatch (compiling source file src\main.cpp)
c:\users\katon\desktop\projekt\of_v0.10.0_vs2017_release\of_v0.10.0_vs2017_release\apps\myapps\particle\src\ofapp.cpp(13): warning C4996: 'ofImage_<unsigned char>::loadImage': Use load instead
  c:\users\katon\desktop\projekt\of_v0.10.0_vs2017_release\of_v0.10.0_vs2017_release\libs\openframeworks\graphics\ofimage.h(227): note: see declaration of 'ofImage_<unsigned char>::loadImage'
c:\users\katon\desktop\projekt\of_v0.10.0_vs2017_release\of_v0.10.0_vs2017_release\apps\myapps\particle\src\ofapp.cpp(40): warning C4018: '<': signed/unsigned mismatch
c:\users\katon\desktop\projekt\of_v0.10.0_vs2017_release\of_v0.10.0_vs2017_release\apps\myapps\particle\src\ofapp.cpp(42): warning C4018: '<': signed/unsigned mismatch
c:\users\katon\desktop\projekt\of_v0.10.0_vs2017_release\of_v0.10.0_vs2017_release\apps\myapps\particle\src\ofapp.cpp(66): warning C4018: '<': signed/unsigned mismatch
c:\users\katon\desktop\projekt\of_v0.10.0_vs2017_release\of_v0.10.0_vs2017_release\apps\myapps\particle\src\ofapp.cpp(78): warning C4018: '<=': signed/unsigned mismatch
     Creating library bin\particle_debug.lib and object bin\particle_debug.exp
  particle.vcxproj -> C:\Users\Katon\Desktop\Projekt\of_v0.10.0_vs2017_release\of_v0.10.0_vs2017_release\apps\myApps\particle\bin\particle_debug.exe
  
  	                   2	C:\Users\Katon\Desktop\Projekt\of_v0.10.0_vs2017_release\of_v0.10.0_vs2017_release\libs\fmodex\lib\vs\Win32\
  	  *EXTRA Datei		 6018560	C:\Users\Katon\Desktop\Projekt\of_v0.10.0_vs2017_release\of_v0.10.0_vs2017_release\apps\myApps\particle\bin\FreeImage.dll
  	         Älter		 1266176	C:\Users\Katon\Desktop\Projekt\of_v0.10.0_vs2017_release\of_v0.10.0_vs2017_release\libs\fmodex\lib\vs\Win32\fmodex.dll
  	         Älter		 1312768	C:\Users\Katon\Desktop\Projekt\of_v0.10.0_vs2017_release\of_v0.10.0_vs2017_release\libs\fmodex\lib\vs\Win32\fmodexL.dll
  
  	                   1	C:\Users\Katon\Desktop\Projekt\of_v0.10.0_vs2017_release\of_v0.10.0_vs2017_release\libs\FreeImage\lib\vs\Win32\
  	  *EXTRA Datei		 1266176	C:\Users\Katon\Desktop\Projekt\of_v0.10.0_vs2017_release\of_v0.10.0_vs2017_release\apps\myApps\particle\bin\fmodex.dll
  	  *EXTRA Datei		 1312768	C:\Users\Katon\Desktop\Projekt\of_v0.10.0_vs2017_release\of_v0.10.0_vs2017_release\apps\myApps\particle\bin\fmodexL.dll
  	         Älter		 5647872	C:\Users\Katon\Desktop\Projekt\of_v0.10.0_vs2017_release\of_v0.10.0_vs2017_release\libs\FreeImage\lib\vs\Win32\FreeImage.dll
